INFO:werkzeug:[31m[1mWARNING: This is a development server. Do not use it in a production deployment. Use a production WSGI server instead.[0m
 * Running on http://127.0.0.1:5001
INFO:werkzeug:[33mPress CTRL+C to quit[0m
INFO:werkzeug: * Restarting with stat
WARNING:werkzeug: * Debugger is active!
INFO:werkzeug: * Debugger PIN: 796-105-784
INFO:werkzeug:127.0.0.1 - - [12/Aug/2023 14:55:16] "[33mGET /socket.io/?EIO=4&transport=polling&t=Odh6agX HTTP/1.1[0m" 404 -
INFO:werkzeug:127.0.0.1 - - [12/Aug/2023 14:55:22] "[33mGET /socket.io/?EIO=4&transport=polling&t=Odh6c8J HTTP/1.1[0m" 404 -
INFO:werkzeug:127.0.0.1 - - [12/Aug/2023 14:55:28] "[33mGET /socket.io/?EIO=4&transport=polling&t=Odh6dc3 HTTP/1.1[0m" 404 -
INFO:werkzeug:127.0.0.1 - - [12/Aug/2023 14:55:34] "[33mGET /socket.io/?EIO=4&transport=polling&t=Odh6f3p HTTP/1.1[0m" 404 -
INFO:werkzeug:127.0.0.1 - - [12/Aug/2023 14:55:40] "[33mGET /socket.io/?EIO=4&transport=polling&t=Odh6gXZ HTTP/1.1[0m" 404 -
INFO:werkzeug:127.0.0.1 - - [12/Aug/2023 14:55:46] "[33mGET /socket.io/?EIO=4&transport=polling&t=Odh6h_J HTTP/1.1[0m" 404 -
INFO:werkzeug:127.0.0.1 - - [12/Aug/2023 14:55:52] "[33mGET /socket.io/?EIO=4&transport=polling&t=Odh6jT4 HTTP/1.1[0m" 404 -
INFO:werkzeug:127.0.0.1 - - [12/Aug/2023 14:55:58] "[33mGET /socket.io/?EIO=4&transport=polling&t=Odh6kwp HTTP/1.1[0m" 404 -
INFO:werkzeug:127.0.0.1 - - [12/Aug/2023 14:56:04] "[33mGET /socket.io/?EIO=4&transport=polling&t=Odh6mOZ HTTP/1.1[0m" 404 -
INFO:werkzeug:127.0.0.1 - - [12/Aug/2023 14:56:10] "[33mGET /socket.io/?EIO=4&transport=polling&t=Odh6nsJ HTTP/1.1[0m" 404 -
INFO:werkzeug:127.0.0.1 - - [12/Aug/2023 14:56:16] "[33mGET /socket.io/?EIO=4&transport=polling&t=Odh6pK4 HTTP/1.1[0m" 404 -
INFO:werkzeug:127.0.0.1 - - [12/Aug/2023 14:56:22] "[33mGET /socket.io/?EIO=4&transport=polling&t=Odh6qno HTTP/1.1[0m" 404 -
INFO:werkzeug:127.0.0.1 - - [12/Aug/2023 14:56:28] "[33mGET /socket.io/?EIO=4&transport=polling&t=Odh6sFa HTTP/1.1[0m" 404 -
INFO:werkzeug:127.0.0.1 - - [12/Aug/2023 14:56:34] "[33mGET /socket.io/?EIO=4&transport=polling&t=Odh6tjK HTTP/1.1[0m" 404 -
INFO:werkzeug:127.0.0.1 - - [12/Aug/2023 14:56:40] "[33mGET /socket.io/?EIO=4&transport=polling&t=Odh6vB4 HTTP/1.1[0m" 404 -
INFO:werkzeug:127.0.0.1 - - [12/Aug/2023 14:56:46] "[33mGET /socket.io/?EIO=4&transport=polling&t=Odh6weo HTTP/1.1[0m" 404 -
INFO:werkzeug:127.0.0.1 - - [12/Aug/2023 14:56:52] "[33mGET /socket.io/?EIO=4&transport=polling&t=Odh6y6a HTTP/1.1[0m" 404 -
INFO:werkzeug:127.0.0.1 - - [12/Aug/2023 14:56:58] "[33mGET /socket.io/?EIO=4&transport=polling&t=Odh6zaK HTTP/1.1[0m" 404 -
INFO:werkzeug:127.0.0.1 - - [12/Aug/2023 14:57:04] "[33mGET /socket.io/?EIO=4&transport=polling&t=Odh6_24 HTTP/1.1[0m" 404 -
INFO:werkzeug:127.0.0.1 - - [12/Aug/2023 14:57:10] "[33mGET /socket.io/?EIO=4&transport=polling&t=Odh70Vr HTTP/1.1[0m" 404 -
INFO:werkzeug:127.0.0.1 - - [12/Aug/2023 14:57:16] "[33mGET /socket.io/?EIO=4&transport=polling&t=Odh71za HTTP/1.1[0m" 404 -
INFO:werkzeug:127.0.0.1 - - [12/Aug/2023 14:57:22] "[33mGET /socket.io/?EIO=4&transport=polling&t=Odh73RL HTTP/1.1[0m" 404 -
INFO:werkzeug:127.0.0.1 - - [12/Aug/2023 14:57:28] "[33mGET /socket.io/?EIO=4&transport=polling&t=Odh74v4 HTTP/1.1[0m" 404 -
INFO:werkzeug:127.0.0.1 - - [12/Aug/2023 14:57:34] "[33mGET /socket.io/?EIO=4&transport=polling&t=Odh76Mq HTTP/1.1[0m" 404 -
INFO:werkzeug:127.0.0.1 - - [12/Aug/2023 14:57:40] "[33mGET /socket.io/?EIO=4&transport=polling&t=Odh77qb HTTP/1.1[0m" 404 -
INFO:werkzeug: * Detected change in '/Users/semsaint-aubin/tradier-proj/backend/app.py', reloading
INFO:werkzeug: * Restarting with stat
WARNING:werkzeug: * Debugger is active!
INFO:werkzeug: * Debugger PIN: 796-105-784
INFO:werkzeug:127.0.0.1 - - [12/Aug/2023 14:57:46] "[33mGET /socket.io/?EIO=4&transport=polling&t=Odh79IL HTTP/1.1[0m" 404 -
INFO:werkzeug:127.0.0.1 - - [12/Aug/2023 14:57:51] "[33mGET /socket.io/?EIO=4&transport=polling&t=Odh7AWr HTTP/1.1[0m" 404 -
INFO:werkzeug:127.0.0.1 - - [12/Aug/2023 14:57:52] "[33mGET /socket.io/?EIO=4&transport=polling&t=Odh7AyJ HTTP/1.1[0m" 404 -
INFO:werkzeug:127.0.0.1 - - [12/Aug/2023 14:57:54] "[33mGET /socket.io/?EIO=4&transport=polling&t=Odh7BF7 HTTP/1.1[0m" 404 -
INFO:werkzeug:127.0.0.1 - - [12/Aug/2023 14:57:56] "[33mGET /socket.io/?EIO=4&transport=polling&t=Odh7Bo5 HTTP/1.1[0m" 404 -
DEBUG:urllib3.connectionpool:Starting new HTTPS connection (1): sandbox.tradier.com:443
DEBUG:urllib3.connectionpool:https://sandbox.tradier.com:443 "GET /v1/markets/options/chains?symbol=TSLA&expiration=2023-08-11 HTTP/1.1" 200 None
INFO:werkzeug:127.0.0.1 - - [12/Aug/2023 14:58:13] "GET /optionschain?symbol=TSLA&exp_dt=2023-08-11&optionType=call HTTP/1.1" 200 -
INFO:werkzeug: * Detected change in '/Users/semsaint-aubin/tradier-proj/backend/app.py', reloading
INFO:werkzeug: * Restarting with stat
WARNING:werkzeug: * Debugger is active!
INFO:werkzeug: * Debugger PIN: 796-105-784
DEBUG:urllib3.connectionpool:Starting new HTTPS connection (1): sandbox.tradier.com:443
DEBUG:urllib3.connectionpool:https://sandbox.tradier.com:443 "GET /v1/markets/options/chains?symbol=TSLA&expiration=2023-08-11 HTTP/1.1" 200 None
INFO:werkzeug:127.0.0.1 - - [12/Aug/2023 15:00:40] "GET /optionschain?symbol=TSLA&exp_dt=2023-08-11&optionType=call HTTP/1.1" 200 -
INFO:werkzeug: * Detected change in '/Users/semsaint-aubin/tradier-proj/backend/app.py', reloading
INFO:werkzeug: * Restarting with stat
WARNING:werkzeug: * Debugger is active!
INFO:werkzeug: * Debugger PIN: 796-105-784
DEBUG:urllib3.connectionpool:Starting new HTTPS connection (1): sandbox.tradier.com:443
DEBUG:urllib3.connectionpool:https://sandbox.tradier.com:443 "GET /v1/markets/options/chains?symbol=TSLA&expiration=2023-08-11 HTTP/1.1" 200 None
INFO:werkzeug:127.0.0.1 - - [12/Aug/2023 15:01:26] "GET /optionschain?symbol=TSLA&exp_dt=2023-08-11&optionType=call HTTP/1.1" 200 -
INFO:werkzeug: * Detected change in '/Users/semsaint-aubin/tradier-proj/backend/app.py', reloading
INFO:werkzeug: * Restarting with stat
WARNING:werkzeug: * Debugger is active!
INFO:werkzeug: * Debugger PIN: 796-105-784
DEBUG:urllib3.connectionpool:Starting new HTTPS connection (1): sandbox.tradier.com:443
DEBUG:urllib3.connectionpool:https://sandbox.tradier.com:443 "GET /v1/markets/options/chains?symbol=TSLA&expiration=2023-08-11 HTTP/1.1" 200 None
INFO:werkzeug:127.0.0.1 - - [12/Aug/2023 15:02:07] "[35m[1mGET /optionschain?symbol=TSLA&exp_dt=2023-08-11&optionType=call HTTP/1.1[0m" 500 -
INFO:werkzeug: * Detected change in '/Users/semsaint-aubin/tradier-proj/backend/app.py', reloading
INFO:werkzeug: * Restarting with stat
WARNING:werkzeug: * Debugger is active!
INFO:werkzeug: * Debugger PIN: 796-105-784
DEBUG:urllib3.connectionpool:Starting new HTTPS connection (1): sandbox.tradier.com:443
DEBUG:urllib3.connectionpool:https://sandbox.tradier.com:443 "GET /v1/markets/options/chains?symbol=TSLA&expiration=2023-08-11 HTTP/1.1" 200 None
INFO:werkzeug:127.0.0.1 - - [12/Aug/2023 15:02:43] "GET /optionschain?symbol=TSLA&exp_dt=2023-08-11&optionType=call HTTP/1.1" 200 -
INFO:werkzeug: * Detected change in '/Users/semsaint-aubin/tradier-proj/backend/app.py', reloading
INFO:werkzeug: * Restarting with stat
WARNING:werkzeug: * Debugger is active!
INFO:werkzeug: * Debugger PIN: 796-105-784
INFO:werkzeug: * Detected change in '/Users/semsaint-aubin/tradier-proj/backend/app.py', reloading
INFO:werkzeug: * Restarting with stat
WARNING:werkzeug: * Debugger is active!
INFO:werkzeug: * Debugger PIN: 796-105-784
DEBUG:urllib3.connectionpool:Starting new HTTPS connection (1): sandbox.tradier.com:443
DEBUG:urllib3.connectionpool:https://sandbox.tradier.com:443 "GET /v1/markets/options/chains?symbol=TSLA&expiration=2023-08-11 HTTP/1.1" 200 None
INFO:werkzeug:127.0.0.1 - - [12/Aug/2023 15:07:33] "[35m[1mGET /optionschain?symbol=TSLA&exp_dt=2023-08-11&optionType=call HTTP/1.1[0m" 500 -
INFO:werkzeug: * Detected change in '/Users/semsaint-aubin/tradier-proj/backend/app.py', reloading
INFO:werkzeug: * Restarting with stat
WARNING:werkzeug: * Debugger is active!
INFO:werkzeug: * Debugger PIN: 796-105-784
DEBUG:urllib3.connectionpool:Starting new HTTPS connection (1): sandbox.tradier.com:443
DEBUG:urllib3.connectionpool:https://sandbox.tradier.com:443 "GET /v1/markets/options/chains?symbol=TSLA&expiration=2023-08-11 HTTP/1.1" 200 None
INFO:werkzeug:127.0.0.1 - - [12/Aug/2023 15:07:58] "[35m[1mGET /optionschain?symbol=TSLA&exp_dt=2023-08-11&optionType=call HTTP/1.1[0m" 500 -
INFO:werkzeug: * Detected change in '/Users/semsaint-aubin/tradier-proj/backend/app.py', reloading
INFO:werkzeug: * Restarting with stat
WARNING:werkzeug: * Debugger is active!
INFO:werkzeug: * Debugger PIN: 796-105-784
DEBUG:urllib3.connectionpool:Starting new HTTPS connection (1): sandbox.tradier.com:443
DEBUG:urllib3.connectionpool:https://sandbox.tradier.com:443 "GET /v1/markets/options/chains?symbol=TSLA&expiration=2023-08-11 HTTP/1.1" 200 None
INFO:werkzeug:127.0.0.1 - - [12/Aug/2023 15:08:33] "[35m[1mGET /optionschain?symbol=TSLA&exp_dt=2023-08-11&optionType=call HTTP/1.1[0m" 500 -
INFO:werkzeug: * Detected change in '/Users/semsaint-aubin/tradier-proj/backend/app.py', reloading
INFO:werkzeug: * Restarting with stat
WARNING:werkzeug: * Debugger is active!
INFO:werkzeug: * Debugger PIN: 796-105-784
DEBUG:urllib3.connectionpool:Starting new HTTPS connection (1): sandbox.tradier.com:443
DEBUG:urllib3.connectionpool:https://sandbox.tradier.com:443 "GET /v1/markets/options/chains?symbol=TSLA&expiration=2023-08-11 HTTP/1.1" 200 None
INFO:werkzeug:127.0.0.1 - - [12/Aug/2023 15:08:47] "[35m[1mGET /optionschain?symbol=TSLA&exp_dt=2023-08-11&optionType=call HTTP/1.1[0m" 500 -
INFO:werkzeug: * Detected change in '/Users/semsaint-aubin/tradier-proj/backend/app.py', reloading
INFO:werkzeug: * Restarting with stat
WARNING:werkzeug: * Debugger is active!
INFO:werkzeug: * Debugger PIN: 796-105-784
DEBUG:urllib3.connectionpool:Starting new HTTPS connection (1): sandbox.tradier.com:443
DEBUG:urllib3.connectionpool:https://sandbox.tradier.com:443 "GET /v1/markets/options/chains?symbol=TSLA&expiration=2023-08-11 HTTP/1.1" 200 None
INFO:werkzeug:127.0.0.1 - - [12/Aug/2023 15:10:44] "GET /optionschain?symbol=TSLA&exp_dt=2023-08-11&optionType=call HTTP/1.1" 200 -
INFO:werkzeug: * Detected change in '/Users/semsaint-aubin/tradier-proj/backend/app.py', reloading
INFO:werkzeug: * Restarting with stat
WARNING:werkzeug: * Debugger is active!
INFO:werkzeug: * Debugger PIN: 796-105-784
DEBUG:urllib3.connectionpool:Starting new HTTPS connection (1): sandbox.tradier.com:443
DEBUG:urllib3.connectionpool:https://sandbox.tradier.com:443 "GET /v1/markets/options/chains?symbol=TSLA&expiration=2023-08-11 HTTP/1.1" 200 None
INFO:werkzeug:127.0.0.1 - - [12/Aug/2023 15:13:02] "[35m[1mGET /optionschain?symbol=TSLA&exp_dt=2023-08-11&optionType=call HTTP/1.1[0m" 500 -
INFO:werkzeug: * Detected change in '/Users/semsaint-aubin/tradier-proj/backend/app.py', reloading
INFO:werkzeug: * Restarting with stat
WARNING:werkzeug: * Debugger is active!
INFO:werkzeug: * Debugger PIN: 796-105-784
DEBUG:urllib3.connectionpool:Starting new HTTPS connection (1): sandbox.tradier.com:443
DEBUG:urllib3.connectionpool:https://sandbox.tradier.com:443 "GET /v1/markets/options/chains?symbol=TSLA&expiration=2023-08-11 HTTP/1.1" 200 None
INFO:werkzeug:127.0.0.1 - - [12/Aug/2023 15:13:41] "[35m[1mGET /optionschain?symbol=TSLA&exp_dt=2023-08-11&optionType=call HTTP/1.1[0m" 500 -
INFO:werkzeug: * Detected change in '/Users/semsaint-aubin/tradier-proj/backend/app.py', reloading
INFO:werkzeug: * Restarting with stat
WARNING:werkzeug: * Debugger is active!
INFO:werkzeug: * Debugger PIN: 796-105-784
DEBUG:urllib3.connectionpool:Starting new HTTPS connection (1): sandbox.tradier.com:443
DEBUG:urllib3.connectionpool:https://sandbox.tradier.com:443 "GET /v1/markets/options/chains?symbol=TSLA&expiration=2023-08-11 HTTP/1.1" 200 None
INFO:werkzeug:127.0.0.1 - - [12/Aug/2023 15:14:17] "GET /optionschain?symbol=TSLA&exp_dt=2023-08-11&optionType=call HTTP/1.1" 200 -
INFO:werkzeug: * Detected change in '/Users/semsaint-aubin/tradier-proj/backend/app.py', reloading
INFO:werkzeug: * Restarting with stat
WARNING:werkzeug: * Debugger is active!
INFO:werkzeug: * Debugger PIN: 796-105-784
DEBUG:urllib3.connectionpool:Starting new HTTPS connection (1): sandbox.tradier.com:443
DEBUG:urllib3.connectionpool:https://sandbox.tradier.com:443 "GET /v1/markets/options/chains?symbol=TSLA&expiration=2023-08-11 HTTP/1.1" 200 None
INFO:werkzeug:127.0.0.1 - - [12/Aug/2023 15:14:41] "GET /optionschain?symbol=TSLA&exp_dt=2023-08-11&optionType=call HTTP/1.1" 200 -
INFO:werkzeug: * Detected change in '/Users/semsaint-aubin/tradier-proj/backend/app.py', reloading
INFO:werkzeug: * Restarting with stat
WARNING:werkzeug: * Debugger is active!
INFO:werkzeug: * Debugger PIN: 796-105-784
DEBUG:urllib3.connectionpool:Starting new HTTPS connection (1): sandbox.tradier.com:443
DEBUG:urllib3.connectionpool:https://sandbox.tradier.com:443 "GET /v1/markets/options/chains?symbol=TSLA&expiration=2023-08-11 HTTP/1.1" 200 None
INFO:werkzeug:127.0.0.1 - - [12/Aug/2023 15:15:38] "GET /optionschain?symbol=TSLA&exp_dt=2023-08-11&optionType=call HTTP/1.1" 200 -
INFO:werkzeug: * Detected change in '/Users/semsaint-aubin/tradier-proj/backend/app.py', reloading
INFO:werkzeug: * Restarting with stat
WARNING:werkzeug: * Debugger is active!
INFO:werkzeug: * Debugger PIN: 796-105-784
DEBUG:urllib3.connectionpool:Starting new HTTPS connection (1): sandbox.tradier.com:443
DEBUG:urllib3.connectionpool:https://sandbox.tradier.com:443 "GET /v1/markets/options/chains?symbol=TSLA&expiration=2023-08-11 HTTP/1.1" 200 None
INFO:werkzeug:127.0.0.1 - - [12/Aug/2023 15:16:57] "GET /optionschain?symbol=TSLA&exp_dt=2023-08-11&optionType=call HTTP/1.1" 200 -
INFO:werkzeug: * Detected change in '/Users/semsaint-aubin/tradier-proj/backend/app.py', reloading
INFO:werkzeug: * Restarting with stat
WARNING:werkzeug: * Debugger is active!
INFO:werkzeug: * Debugger PIN: 796-105-784
DEBUG:urllib3.connectionpool:Starting new HTTPS connection (1): sandbox.tradier.com:443
DEBUG:urllib3.connectionpool:https://sandbox.tradier.com:443 "GET /v1/markets/options/chains?symbol=TSLA&expiration=2023-08-11 HTTP/1.1" 200 None
INFO:app:Just sent options chain length of: 115
INFO:werkzeug:127.0.0.1 - - [12/Aug/2023 15:19:14] "GET /optionschain?symbol=TSLA&exp_dt=2023-08-11&optionType=call HTTP/1.1" 200 -
DEBUG:urllib3.connectionpool:Starting new HTTPS connection (1): sandbox.tradier.com:443
DEBUG:urllib3.connectionpool:https://sandbox.tradier.com:443 "GET /v1/markets/options/chains?symbol=TSLA&expiration=2023-08-11 HTTP/1.1" 200 None
INFO:app:Just sent options chain length of: 115
INFO:werkzeug:127.0.0.1 - - [12/Aug/2023 15:19:37] "GET /optionschain?symbol=TSLA&exp_dt=2023-08-11&optionType=call HTTP/1.1" 200 -
INFO:werkzeug:[31m[1mWARNING: This is a development server. Do not use it in a production deployment. Use a production WSGI server instead.[0m
 * Running on http://127.0.0.1:5001
INFO:werkzeug:[33mPress CTRL+C to quit[0m
INFO:werkzeug: * Restarting with stat
WARNING:werkzeug: * Debugger is active!
INFO:werkzeug: * Debugger PIN: 796-105-784
DEBUG:urllib3.connectionpool:Starting new HTTPS connection (1): sandbox.tradier.com:443
DEBUG:urllib3.connectionpool:https://sandbox.tradier.com:443 "GET /v1/markets/options/chains?symbol=TSLA&expiration=2023-08-11 HTTP/1.1" 200 None
INFO:app:Just sent options chain length of: 115
INFO:werkzeug:127.0.0.1 - - [12/Aug/2023 15:19:54] "GET /optionschain?symbol=TSLA&exp_dt=2023-08-11&optionType=call HTTP/1.1" 200 -
INFO:werkzeug: * Detected change in '/Users/semsaint-aubin/tradier-proj/backend/app.py', reloading
INFO:werkzeug: * Restarting with stat
WARNING:werkzeug: * Debugger is active!
INFO:werkzeug: * Debugger PIN: 796-105-784
DEBUG:urllib3.connectionpool:Starting new HTTPS connection (1): sandbox.tradier.com:443
DEBUG:urllib3.connectionpool:https://sandbox.tradier.com:443 "GET /v1/markets/options/chains?symbol=TSLA&expiration=2023-08-11 HTTP/1.1" 200 None
DEBUG:app:Just sent options chain length of: 115
INFO:werkzeug:127.0.0.1 - - [12/Aug/2023 15:21:11] "GET /optionschain?symbol=TSLA&exp_dt=2023-08-11&optionType=call HTTP/1.1" 200 -
INFO:werkzeug: * Detected change in '/Users/semsaint-aubin/tradier-proj/backend/app.py', reloading
INFO:werkzeug: * Restarting with stat
WARNING:werkzeug: * Debugger is active!
INFO:werkzeug: * Debugger PIN: 796-105-784
DEBUG:urllib3.connectionpool:Starting new HTTPS connection (1): sandbox.tradier.com:443
DEBUG:urllib3.connectionpool:https://sandbox.tradier.com:443 "GET /v1/markets/options/chains?symbol=TSLA&expiration=2023-08-11 HTTP/1.1" 200 None
INFO:app:Just sent options chain
INFO:werkzeug:127.0.0.1 - - [12/Aug/2023 15:25:32] "GET /optionschain?symbol=TSLA&exp_dt=2023-08-11&optionType=call HTTP/1.1" 200 -
INFO:werkzeug: * Detected change in '/Users/semsaint-aubin/tradier-proj/backend/app.py', reloading
INFO:werkzeug: * Restarting with stat
WARNING:werkzeug: * Debugger is active!
INFO:werkzeug: * Debugger PIN: 796-105-784
DEBUG:urllib3.connectionpool:Starting new HTTPS connection (1): sandbox.tradier.com:443
DEBUG:urllib3.connectionpool:https://sandbox.tradier.com:443 "GET /v1/markets/options/chains?symbol=TSLA&expiration=2023-08-11 HTTP/1.1" 200 None
INFO:app:Just sent options chain length of: 115
INFO:werkzeug:127.0.0.1 - - [12/Aug/2023 15:27:55] "GET /optionschain?symbol=TSLA&exp_dt=2023-08-11&optionType=call HTTP/1.1" 200 -
INFO:werkzeug: * Detected change in '/Users/semsaint-aubin/tradier-proj/backend/app.py', reloading
INFO:werkzeug: * Restarting with stat
WARNING:werkzeug: * Debugger is active!
INFO:werkzeug: * Debugger PIN: 796-105-784
DEBUG:urllib3.connectionpool:Starting new HTTPS connection (1): sandbox.tradier.com:443
DEBUG:urllib3.connectionpool:https://sandbox.tradier.com:443 "GET /v1/markets/options/chains?symbol=TSLA&expiration=2023-08-11 HTTP/1.1" 200 None
DEBUG:app:Just sent options chain length of: 115
INFO:werkzeug:127.0.0.1 - - [12/Aug/2023 15:30:22] "GET /optionschain?symbol=TSLA&exp_dt=2023-08-11&optionType=call HTTP/1.1" 200 -
DEBUG:urllib3.connectionpool:Starting new HTTPS connection (1): sandbox.tradier.com:443
DEBUG:urllib3.connectionpool:https://sandbox.tradier.com:443 "GET /v1/markets/options/chains?symbol=TSLA&expiration=2023-08-11 HTTP/1.1" 200 None
DEBUG:app:Just sent options chain length of: 115
INFO:werkzeug:127.0.0.1 - - [12/Aug/2023 15:30:39] "GET /optionschain?symbol=TSLA&exp_dt=2023-08-11&optionType=call HTTP/1.1" 200 -
INFO:werkzeug:127.0.0.1 - - [12/Aug/2023 15:34:48] "[33mGET /socket.io/?EIO=4&transport=polling&t=OdhFdv9 HTTP/1.1[0m" 404 -
INFO:werkzeug:127.0.0.1 - - [12/Aug/2023 15:34:49] "[33mGET /socket.io/?EIO=4&transport=polling&t=OdhFe9y HTTP/1.1[0m" 404 -
INFO:werkzeug:127.0.0.1 - - [12/Aug/2023 15:34:52] "[33mGET /socket.io/?EIO=4&transport=polling&t=OdhFeqp HTTP/1.1[0m" 404 -
INFO:werkzeug:127.0.0.1 - - [12/Aug/2023 15:55:57] "[33mGET /socket.io/?EIO=4&transport=polling&t=OdhKTjo HTTP/1.1[0m" 404 -
INFO:werkzeug:127.0.0.1 - - [12/Aug/2023 15:55:59] "[33mGET /socket.io/?EIO=4&transport=polling&t=OdhKU9U HTTP/1.1[0m" 404 -
INFO:werkzeug:127.0.0.1 - - [12/Aug/2023 15:56:01] "[33mGET /socket.io/?EIO=4&transport=polling&t=OdhKUlD HTTP/1.1[0m" 404 -
INFO:werkzeug:127.0.0.1 - - [12/Aug/2023 15:56:06] "[33mGET /socket.io/?EIO=4&transport=polling&t=OdhKVmX HTTP/1.1[0m" 404 -
INFO:werkzeug:127.0.0.1 - - [12/Aug/2023 15:56:07] "[33mGET /socket.io/?EIO=4&transport=polling&t=OdhKW6k HTTP/1.1[0m" 404 -
INFO:werkzeug:127.0.0.1 - - [12/Aug/2023 15:56:09] "[33mGET /socket.io/?EIO=4&transport=polling&t=OdhKWb- HTTP/1.1[0m" 404 -
INFO:werkzeug:127.0.0.1 - - [12/Aug/2023 15:56:12] "[33mGET /socket.io/?EIO=4&transport=polling&t=OdhKXG5 HTTP/1.1[0m" 404 -
INFO:werkzeug:127.0.0.1 - - [12/Aug/2023 15:56:17] "[33mGET /socket.io/?EIO=4&transport=polling&t=OdhKYUU HTTP/1.1[0m" 404 -
INFO:werkzeug: * Detected change in '/Users/semsaint-aubin/tradier-proj/backend/app.py', reloading
INFO:werkzeug: * Restarting with stat
DEBUG:urllib3.connectionpool:Starting new HTTPS connection (1): api.tradier.com:443
DEBUG:urllib3.connectionpool:https://api.tradier.com:443 "GET /v1/markets/timesales?symbol=ai&interval=15min&start=2023-08-11&end=2023-08-12+24%3A00&session_filter=all HTTP/1.1" 200 None
DEBUG:urllib3.connectionpool:Starting new HTTPS connection (1): api.tradier.com:443
DEBUG:urllib3.connectionpool:https://api.tradier.com:443 "GET /v1/markets/timesales?symbol=ai&interval=15min&start=2023-08-11&end=2023-08-12+24%3A00&session_filter=all HTTP/1.1" 200 None
DEBUG:urllib3.connectionpool:Starting new HTTPS connection (1): api.tradier.com:443
DEBUG:urllib3.connectionpool:https://api.tradier.com:443 "GET /v1/markets/timesales?symbol=ai&interval=15min&start=2023-08-10&end=2023-08-12+24%3A00&session_filter=all HTTP/1.1" 200 None
DEBUG:urllib3.connectionpool:Starting new HTTPS connection (1): api.tradier.com:443
DEBUG:urllib3.connectionpool:https://api.tradier.com:443 "GET /v1/markets/timesales?symbol=ai&interval=15min&start=2023-08-10&end=2023-08-12+24%3A00&session_filter=all HTTP/1.1" 200 None
DEBUG:urllib3.connectionpool:Starting new HTTPS connection (1): api.tradier.com:443
DEBUG:urllib3.connectionpool:https://api.tradier.com:443 "GET /v1/markets/timesales?symbol=ai&interval=15min&start=2023-08-10&end=2023-08-12+24%3A00&session_filter=all HTTP/1.1" 200 None
DEBUG:urllib3.connectionpool:Starting new HTTPS connection (1): api.tradier.com:443
DEBUG:urllib3.connectionpool:https://api.tradier.com:443 "GET /v1/markets/timesales?symbol=ai&interval=15min&start=2023-08-09&end=2023-08-12+24%3A00&session_filter=all HTTP/1.1" 200 None
DEBUG:urllib3.connectionpool:Starting new HTTPS connection (1): api.tradier.com:443
DEBUG:urllib3.connectionpool:https://api.tradier.com:443 "GET /v1/markets/timesales?symbol=ai&interval=15min&start=2023-08-09&end=2023-08-12+24%3A00&session_filter=all HTTP/1.1" 200 None
DEBUG:urllib3.connectionpool:Starting new HTTPS connection (1): api.tradier.com:443
DEBUG:urllib3.connectionpool:https://api.tradier.com:443 "GET /v1/markets/timesales?symbol=ai&interval=15min&start=2023-08-09&end=2023-08-12+24%3A00&session_filter=all HTTP/1.1" 200 None
DEBUG:urllib3.connectionpool:Starting new HTTPS connection (1): api.tradier.com:443
DEBUG:urllib3.connectionpool:https://api.tradier.com:443 "GET /v1/markets/timesales?symbol=ai&interval=15min&start=2023-08-09&end=2023-08-12+24%3A00&session_filter=all HTTP/1.1" 200 None
DEBUG:urllib3.connectionpool:Starting new HTTPS connection (1): api.tradier.com:443
DEBUG:urllib3.connectionpool:https://api.tradier.com:443 "GET /v1/markets/timesales?symbol=ai&interval=15min&start=2023-08-09&end=2023-08-12+24%3A00&session_filter=all HTTP/1.1" 200 None
DEBUG:urllib3.connectionpool:Starting new HTTPS connection (1): api.tradier.com:443
DEBUG:urllib3.connectionpool:https://api.tradier.com:443 "GET /v1/markets/timesales?symbol=spy&interval=15min&start=2023-08-09&end=2023-08-12+24%3A00&session_filter=all HTTP/1.1" 200 None
DEBUG:urllib3.connectionpool:Starting new HTTPS connection (1): api.tradier.com:443
DEBUG:urllib3.connectionpool:https://api.tradier.com:443 "GET /v1/markets/timesales?symbol=spy&interval=15min&start=2023-08-09&end=2023-08-12+24%3A00&session_filter=all HTTP/1.1" 200 None
DEBUG:urllib3.connectionpool:Starting new HTTPS connection (1): api.tradier.com:443
DEBUG:urllib3.connectionpool:https://api.tradier.com:443 "GET /v1/markets/timesales?symbol=spy&interval=15min&start=2023-08-09&end=2023-08-12+24%3A00&session_filter=all HTTP/1.1" 200 None
DEBUG:urllib3.connectionpool:Starting new HTTPS connection (1): api.tradier.com:443
DEBUG:urllib3.connectionpool:https://api.tradier.com:443 "GET /v1/markets/timesales?symbol=spy&interval=15min&start=2023-08-09&end=2023-08-12+24%3A00&session_filter=all HTTP/1.1" 200 None
DEBUG:urllib3.connectionpool:Starting new HTTPS connection (1): api.tradier.com:443
DEBUG:urllib3.connectionpool:https://api.tradier.com:443 "GET /v1/markets/timesales?symbol=spy&interval=15min&start=2023-08-09&end=2023-08-12+24%3A00&session_filter=all HTTP/1.1" 200 None
DEBUG:urllib3.connectionpool:Starting new HTTPS connection (1): api.tradier.com:443
DEBUG:urllib3.connectionpool:https://api.tradier.com:443 "GET /v1/markets/timesales?symbol=spy&interval=15min&start=2023-08-09&end=2023-08-12+24%3A00&session_filter=all HTTP/1.1" 200 None
DEBUG:urllib3.connectionpool:Starting new HTTPS connection (1): api.tradier.com:443
DEBUG:urllib3.connectionpool:https://api.tradier.com:443 "GET /v1/markets/timesales?symbol=spy&interval=15min&start=2023-08-09&end=2023-08-12+24%3A00&session_filter=all HTTP/1.1" 200 None
DEBUG:urllib3.connectionpool:Starting new HTTPS connection (1): api.tradier.com:443
DEBUG:urllib3.connectionpool:https://api.tradier.com:443 "GET /v1/markets/timesales?symbol=spy&interval=15min&start=2023-08-09&end=2023-08-12+24%3A00&session_filter=all HTTP/1.1" 200 None
DEBUG:urllib3.connectionpool:Starting new HTTPS connection (1): api.tradier.com:443
DEBUG:urllib3.connectionpool:https://api.tradier.com:443 "GET /v1/markets/timesales?symbol=spy&interval=15min&start=2023-08-07&end=2023-08-12+24%3A00&session_filter=all HTTP/1.1" 200 None
DEBUG:urllib3.connectionpool:Starting new HTTPS connection (1): api.tradier.com:443
DEBUG:urllib3.connectionpool:https://api.tradier.com:443 "GET /v1/markets/timesales?symbol=spy&interval=15min&start=2023-08-07&end=2023-08-12+24%3A00&session_filter=all HTTP/1.1" 200 None
DEBUG:urllib3.connectionpool:Starting new HTTPS connection (1): api.tradier.com:443
DEBUG:urllib3.connectionpool:https://api.tradier.com:443 "GET /v1/markets/timesales?symbol=spy&interval=15min&start=2023-08-07&end=2023-08-12+24%3A00&session_filter=all HTTP/1.1" 200 None
DEBUG:urllib3.connectionpool:Starting new HTTPS connection (1): api.tradier.com:443
DEBUG:urllib3.connectionpool:https://api.tradier.com:443 "GET /v1/markets/timesales?symbol=spy&interval=15min&start=2023-08-10&end=2023-08-12+24%3A00&session_filter=all HTTP/1.1" 200 None
DEBUG:urllib3.connectionpool:Starting new HTTPS connection (1): api.tradier.com:443
DEBUG:urllib3.connectionpool:https://api.tradier.com:443 "GET /v1/markets/timesales?symbol=spy&interval=15min&start=2023-08-10&end=2023-08-12+24%3A00&session_filter=all HTTP/1.1" 200 None
DEBUG:urllib3.connectionpool:Starting new HTTPS connection (1): sandbox.tradier.com:443
DEBUG:urllib3.connectionpool:https://sandbox.tradier.com:443 "GET /v1/accounts/VA82170709/gainloss?page=&limit=&sortBy=closeDate&sort=desc&start=&end=&symbol= HTTP/1.1" 200 None
DEBUG:urllib3.connectionpool:Starting new HTTPS connection (1): api.tradier.com:443
DEBUG:urllib3.connectionpool:https://api.tradier.com:443 "GET /v1/markets/timesales?symbol=ai&interval=15min&start=2023-08-09&end=2023-08-12+24%3A00&session_filter=all HTTP/1.1" 200 None
DEBUG:urllib3.connectionpool:Starting new HTTPS connection (1): api.tradier.com:443
DEBUG:urllib3.connectionpool:https://api.tradier.com:443 "GET /v1/markets/timesales?symbol=ai&interval=15min&start=2023-08-09&end=2023-08-12+24%3A00&session_filter=all HTTP/1.1" 200 None
DEBUG:urllib3.connectionpool:Starting new HTTPS connection (1): api.tradier.com:443
DEBUG:urllib3.connectionpool:https://api.tradier.com:443 "GET /v1/markets/timesales?symbol=ai&interval=15min&start=2023-08-09&end=2023-08-12+24%3A00&session_filter=all HTTP/1.1" 200 None
DEBUG:urllib3.connectionpool:Starting new HTTPS connection (1): api.tradier.com:443
DEBUG:urllib3.connectionpool:https://api.tradier.com:443 "GET /v1/markets/timesales?symbol=ai&interval=15min&start=2023-08-09&end=2023-08-12+24%3A00&session_filter=all HTTP/1.1" 200 None
DEBUG:urllib3.connectionpool:Starting new HTTPS connection (1): sandbox.tradier.com:443
DEBUG:urllib3.connectionpool:https://sandbox.tradier.com:443 "GET /v1/markets/options/chains?symbol=TSLA&expiration=2023-08-11 HTTP/1.1" 200 None
DEBUG:app:Just sent options chain length of: 115
DEBUG:urllib3.connectionpool:Starting new HTTPS connection (1): api.tradier.com:443
DEBUG:urllib3.connectionpool:https://api.tradier.com:443 "GET /v1/markets/timesales?symbol=spy&interval=15min&start=2023-08-10&end=2023-08-12+24%3A00&session_filter=all HTTP/1.1" 200 None
DEBUG:urllib3.connectionpool:Starting new HTTPS connection (1): api.tradier.com:443
DEBUG:urllib3.connectionpool:https://api.tradier.com:443 "GET /v1/markets/timesales?symbol=spy&interval=15min&start=2023-08-10&end=2023-08-12+24%3A00&session_filter=all HTTP/1.1" 200 None
DEBUG:urllib3.connectionpool:Starting new HTTPS connection (1): api.tradier.com:443
DEBUG:urllib3.connectionpool:https://api.tradier.com:443 "GET /v1/markets/timesales?symbol=spy&interval=15min&start=2023-08-10&end=2023-08-12+24%3A00&session_filter=all HTTP/1.1" 200 None
DEBUG:urllib3.connectionpool:Starting new HTTPS connection (1): sandbox.tradier.com:443
DEBUG:urllib3.connectionpool:https://sandbox.tradier.com:443 "GET /v1/accounts/VA82170709/orders HTTP/1.1" 200 17
DEBUG:urllib3.connectionpool:Starting new HTTPS connection (1): api.tradier.com:443
DEBUG:urllib3.connectionpool:https://api.tradier.com:443 "GET /v1/markets/timesales?symbol=spy&interval=15min&start=2023-08-09&end=2023-08-12+24%3A00&session_filter=all HTTP/1.1" 200 None
DEBUG:urllib3.connectionpool:Starting new HTTPS connection (1): api.tradier.com:443
DEBUG:urllib3.connectionpool:https://api.tradier.com:443 "GET /v1/markets/timesales?symbol=spy&interval=15min&start=2023-08-09&end=2023-08-12+24%3A00&session_filter=all HTTP/1.1" 200 None
DEBUG:urllib3.connectionpool:Starting new HTTPS connection (1): sandbox.tradier.com:443
DEBUG:urllib3.connectionpool:https://sandbox.tradier.com:443 "GET /v1/accounts/VA82170709/positions HTTP/1.1" 200 20
DEBUG:urllib3.connectionpool:Starting new HTTPS connection (1): sandbox.tradier.com:443
DEBUG:urllib3.connectionpool:https://sandbox.tradier.com:443 "GET /v1/accounts/VA82170709/orders HTTP/1.1" 200 17
DEBUG:urllib3.connectionpool:Starting new HTTPS connection (1): sandbox.tradier.com:443
DEBUG:urllib3.connectionpool:https://sandbox.tradier.com:443 "POST /v1/accounts/VA82170709/orders HTTP/1.1" 400 41
DEBUG:charset_normalizer:Encoding detection: ascii is most likely the one.
DEBUG:urllib3.connectionpool:Starting new HTTPS connection (1): sandbox.tradier.com:443
DEBUG:urllib3.connectionpool:https://sandbox.tradier.com:443 "PUT /v1/accounts/VA82170709/orders/ HTTP/1.1" 405 52
DEBUG:urllib3.connectionpool:Starting new HTTPS connection (1): sandbox.tradier.com:443
DEBUG:urllib3.connectionpool:https://sandbox.tradier.com:443 "GET /v1/accounts/VA82170709/orders HTTP/1.1" 200 17
DEBUG:urllib3.connectionpool:Starting new HTTPS connection (1): sandbox.tradier.com:443
DEBUG:urllib3.connectionpool:https://sandbox.tradier.com:443 "GET /v1/accounts/VA82170709/gainloss?page=&limit=&sortBy=closeDate&sort=desc&start=&end=&symbol= HTTP/1.1" 200 None
DEBUG:urllib3.connectionpool:Starting new HTTPS connection (1): sandbox.tradier.com:443
DEBUG:urllib3.connectionpool:https://sandbox.tradier.com:443 "GET /v1/accounts/VA82170709/gainloss?page=&limit=&sortBy=closeDate&sort=desc&start=&end=&symbol= HTTP/1.1" 200 None
DEBUG:urllib3.connectionpool:Starting new HTTPS connection (1): sandbox.tradier.com:443
DEBUG:urllib3.connectionpool:https://sandbox.tradier.com:443 "GET /v1/accounts/VA82170709/gainloss?page=&limit=&sortBy=closeDate&sort=desc&start=&end=&symbol= HTTP/1.1" 200 None
DEBUG:urllib3.connectionpool:Starting new HTTPS connection (1): sandbox.tradier.com:443
DEBUG:urllib3.connectionpool:https://sandbox.tradier.com:443 "GET /v1/accounts/VA82170709/gainloss?page=&limit=&sortBy=closeDate&sort=desc&start=&end=&symbol= HTTP/1.1" 200 None
DEBUG:urllib3.connectionpool:Starting new HTTPS connection (1): sandbox.tradier.com:443
DEBUG:urllib3.connectionpool:https://sandbox.tradier.com:443 "GET /v1/accounts/VA82170709/positions HTTP/1.1" 200 20
DEBUG:urllib3.connectionpool:Starting new HTTPS connection (1): api.tradier.com:443
DEBUG:urllib3.connectionpool:https://api.tradier.com:443 "GET /v1/markets/timesales?symbol=spy&interval=15min&start=2023-08-10&end=2023-08-12+24%3A00&session_filter=all HTTP/1.1" 200 None
DEBUG:urllib3.connectionpool:Starting new HTTPS connection (1): sandbox.tradier.com:443
DEBUG:urllib3.connectionpool:https://sandbox.tradier.com:443 "GET /v1/user/profile HTTP/1.1" 200 None
DEBUG:urllib3.connectionpool:Starting new HTTPS connection (1): sandbox.tradier.com:443
DEBUG:urllib3.connectionpool:https://sandbox.tradier.com:443 "GET /v1/user/profile HTTP/1.1" 200 None
DEBUG:urllib3.connectionpool:Starting new HTTPS connection (1): sandbox.tradier.com:443
DEBUG:urllib3.connectionpool:https://sandbox.tradier.com:443 "GET /v1/user/profile HTTP/1.1" 200 None
DEBUG:urllib3.connectionpool:Starting new HTTPS connection (1): sandbox.tradier.com:443
DEBUG:urllib3.connectionpool:https://sandbox.tradier.com:443 "GET /v1/user/profile HTTP/1.1" 200 None
DEBUG:urllib3.connectionpool:Starting new HTTPS connection (1): sandbox.tradier.com:443
DEBUG:urllib3.connectionpool:https://sandbox.tradier.com:443 "GET /v1/user/profile HTTP/1.1" 200 None
DEBUG:urllib3.connectionpool:Starting new HTTPS connection (1): sandbox.tradier.com:443
DEBUG:urllib3.connectionpool:https://sandbox.tradier.com:443 "GET /v1/user/profile HTTP/1.1" 200 None
DEBUG:urllib3.connectionpool:Starting new HTTPS connection (1): sandbox.tradier.com:443
DEBUG:urllib3.connectionpool:https://sandbox.tradier.com:443 "GET /v1/user/profile HTTP/1.1" 200 None
DEBUG:urllib3.connectionpool:Starting new HTTPS connection (1): sandbox.tradier.com:443
DEBUG:urllib3.connectionpool:https://sandbox.tradier.com:443 "GET /v1/accounts/VA82170709/balances HTTP/1.1" 200 None
DEBUG:urllib3.connectionpool:Starting new HTTPS connection (1): api.tradier.com:443
DEBUG:urllib3.connectionpool:https://api.tradier.com:443 "GET /v1/markets/timesales?symbol=ai&interval=15min&start=2023-08-09&end=2023-08-12+24%3A00&session_filter=all HTTP/1.1" 200 None
DEBUG:urllib3.connectionpool:Starting new HTTPS connection (1): api.tradier.com:443
DEBUG:urllib3.connectionpool:https://api.tradier.com:443 "GET /v1/markets/timesales?symbol=ai&interval=15min&start=2023-08-09&end=2023-08-12+24%3A00&session_filter=all HTTP/1.1" 200 None
DEBUG:urllib3.connectionpool:Starting new HTTPS connection (1): sandbox.tradier.com:443
DEBUG:urllib3.connectionpool:https://sandbox.tradier.com:443 "GET /v1/accounts/VA82170709/positions HTTP/1.1" 200 20
DEBUG:urllib3.connectionpool:Starting new HTTPS connection (1): sandbox.tradier.com:443
DEBUG:urllib3.connectionpool:https://sandbox.tradier.com:443 "GET /v1/markets/options/chains?symbol=TSLA&expiration=2023-08-11 HTTP/1.1" 200 None
DEBUG:app:Just sent options chain length of: 115
DEBUG:urllib3.connectionpool:Starting new HTTPS connection (1): sandbox.tradier.com:443
DEBUG:urllib3.connectionpool:https://sandbox.tradier.com:443 "POST /v1/accounts/VA82170709/orders HTTP/1.1" 400 41
DEBUG:charset_normalizer:Encoding detection: ascii is most likely the one.
DEBUG:urllib3.connectionpool:Starting new HTTPS connection (1): sandbox.tradier.com:443
DEBUG:urllib3.connectionpool:https://sandbox.tradier.com:443 "POST /v1/accounts/VA82170709/orders HTTP/1.1" 400 38
DEBUG:charset_normalizer:Encoding detection: ascii is most likely the one.
DEBUG:urllib3.connectionpool:Starting new HTTPS connection (1): sandbox.tradier.com:443
DEBUG:urllib3.connectionpool:https://sandbox.tradier.com:443 "POST /v1/accounts/VA82170709/orders HTTP/1.1" 400 46
DEBUG:charset_normalizer:Encoding detection: ascii is most likely the one.
DEBUG:urllib3.connectionpool:Starting new HTTPS connection (1): sandbox.tradier.com:443
DEBUG:urllib3.connectionpool:https://sandbox.tradier.com:443 "POST /v1/accounts/VA82170709/orders HTTP/1.1" 400 46
DEBUG:charset_normalizer:Encoding detection: ascii is most likely the one.
DEBUG:urllib3.connectionpool:Starting new HTTPS connection (1): sandbox.tradier.com:443
DEBUG:urllib3.connectionpool:https://sandbox.tradier.com:443 "PUT /v1/accounts/VA82170709/orders/ HTTP/1.1" 405 52
DEBUG:urllib3.connectionpool:Starting new HTTPS connection (1): sandbox.tradier.com:443
DEBUG:urllib3.connectionpool:https://sandbox.tradier.com:443 "GET /v1/accounts/VA82170709/orders HTTP/1.1" 200 17
DEBUG:urllib3.connectionpool:Starting new HTTPS connection (1): sandbox.tradier.com:443
DEBUG:urllib3.connectionpool:https://sandbox.tradier.com:443 "GET /v1/accounts/VA82170709/gainloss?page=&limit=&sortBy=closeDate&sort=desc&start=&end=&symbol= HTTP/1.1" 200 None
DEBUG:urllib3.connectionpool:Starting new HTTPS connection (1): sandbox.tradier.com:443
DEBUG:urllib3.connectionpool:https://sandbox.tradier.com:443 "GET /v1/user/profile HTTP/1.1" 200 None
DEBUG:urllib3.connectionpool:Starting new HTTPS connection (1): sandbox.tradier.com:443
DEBUG:urllib3.connectionpool:https://sandbox.tradier.com:443 "GET /v1/accounts/VA82170709/balances HTTP/1.1" 200 None
DEBUG:urllib3.connectionpool:Starting new HTTPS connection (1): api.tradier.com:443
DEBUG:urllib3.connectionpool:https://api.tradier.com:443 "GET /v1/markets/timesales?symbol=aapl&interval=15min&start=2023-08-09&end=2023-08-12+24%3A00&session_filter=all HTTP/1.1" 200 None
DEBUG:urllib3.connectionpool:Starting new HTTPS connection (1): api.tradier.com:443
DEBUG:urllib3.connectionpool:https://api.tradier.com:443 "GET /v1/markets/timesales?symbol=aapl&interval=15min&start=2023-08-09&end=2023-08-12+24%3A00&session_filter=all HTTP/1.1" 200 None
DEBUG:urllib3.connectionpool:Starting new HTTPS connection (1): api.tradier.com:443
DEBUG:urllib3.connectionpool:https://api.tradier.com:443 "GET /v1/markets/timesales?symbol=aapl&interval=15min&start=2023-08-09&end=2023-08-12+24%3A00&session_filter=all HTTP/1.1" 200 None
DEBUG:urllib3.connectionpool:Starting new HTTPS connection (1): sandbox.tradier.com:443
DEBUG:urllib3.connectionpool:https://sandbox.tradier.com:443 "POST /v1/accounts/VA82170709/orders HTTP/1.1" 400 41
DEBUG:charset_normalizer:Encoding detection: ascii is most likely the one.
DEBUG:urllib3.connectionpool:Starting new HTTPS connection (1): sandbox.tradier.com:443
DEBUG:urllib3.connectionpool:https://sandbox.tradier.com:443 "POST /v1/accounts/VA82170709/orders HTTP/1.1" 400 38
DEBUG:charset_normalizer:Encoding detection: ascii is most likely the one.
DEBUG:urllib3.connectionpool:Starting new HTTPS connection (1): sandbox.tradier.com:443
DEBUG:urllib3.connectionpool:https://sandbox.tradier.com:443 "POST /v1/accounts/VA82170709/orders HTTP/1.1" 400 46
DEBUG:charset_normalizer:Encoding detection: ascii is most likely the one.
DEBUG:urllib3.connectionpool:Starting new HTTPS connection (1): sandbox.tradier.com:443
DEBUG:urllib3.connectionpool:https://sandbox.tradier.com:443 "GET /v1/accounts/VA82170709/orders HTTP/1.1" 200 17
DEBUG:urllib3.connectionpool:Starting new HTTPS connection (1): sandbox.tradier.com:443
DEBUG:urllib3.connectionpool:https://sandbox.tradier.com:443 "GET /v1/accounts/VA82170709/gainloss?page=&limit=&sortBy=closeDate&sort=desc&start=&end=&symbol= HTTP/1.1" 200 None
DEBUG:urllib3.connectionpool:Starting new HTTPS connection (1): sandbox.tradier.com:443
DEBUG:urllib3.connectionpool:https://sandbox.tradier.com:443 "POST /v1/accounts/VA82170709/orders HTTP/1.1" 400 41
DEBUG:charset_normalizer:Encoding detection: ascii is most likely the one.
DEBUG:urllib3.connectionpool:Starting new HTTPS connection (1): sandbox.tradier.com:443
DEBUG:urllib3.connectionpool:https://sandbox.tradier.com:443 "POST /v1/accounts/VA82170709/orders HTTP/1.1" 400 38
DEBUG:charset_normalizer:Encoding detection: ascii is most likely the one.
DEBUG:urllib3.connectionpool:Starting new HTTPS connection (1): sandbox.tradier.com:443
DEBUG:urllib3.connectionpool:https://sandbox.tradier.com:443 "POST /v1/accounts/VA82170709/orders HTTP/1.1" 400 46
DEBUG:charset_normalizer:Encoding detection: ascii is most likely the one.
